[0m[[0m[0mdebug[0m] [0m[0m> Exec(;Test/compile; collectAnalyses, None, Some(CommandSource(network-1)))[0m
[0m[[0m[0mdebug[0m] [0m[0munmatched Processing event for requestId None: None[0m
[0m[[0m[0mdebug[0m] [0m[0munmatched Done event for requestId None: None[0m
[0m[[0m[0mdebug[0m] [0m[0m> Exec(Test/compile, None, Some(CommandSource(network-1)))[0m
[0m[[0m[0mdebug[0m] [0m[0munmatched Processing event for requestId None: None[0m
[0m[[0m[0mdebug[0m] [0m[0mEvaluating tasks: Test / compile[0m
[0m[[0m[0mdebug[0m] [0m[0mRunning task... Cancel: Signal, check cycles: false, forcegc: true[0m
[0m[[0m[0mdebug[0m] [0m[0mjsonRpcNotify: JsonRpcNotificationMessage(2.0, build/taskStart, {"taskId":{"id":"64","parents":[]},"eventTime":1656279560765,"message":"Compiling root","dataKind":"compile-task","data":{"target":{"uri":"file:/home/max/scalalab1list/scalalist/#root/Compile"}}})[0m
[0m[[0m[0minfo[0m] [0m[0mcompiling 1 Scala source to /home/max/scalalab1list/scalalist/target/scala-3.1.2/classes ...[0m
[0m[[0m[0mdebug[0m] [0m[0mjsonRpcNotify: JsonRpcNotificationMessage(2.0, build/logMessage, {"type":3,"message":"compiling 1 Scala source to /home/max/scalalab1list/scalalist/target/scala-3.1.2/classes ..."})[0m
[0m[[0m[0mdebug[0m] [0m[0mjsonRpcNotify: JsonRpcNotificationMessage(2.0, build/publishDiagnostics, {"textDocument":{"uri":"file:///home/max/scalalab1list/scalalist/src/main/scala/Main.scala"},"buildTarget":{"uri":"file:/home/max/scalalab1list/scalalist/#root/Compile"},"diagnostics":[{"range":{"start":{"line":113,"character":22},"end":{"line":113,"character":23}},"severity":1,"source":"sbt","message":"Found:    (\u001b[31m0\u001b[0m : Int)\nRequired: List[Int]"}],"reset":false})[0m
[0m[[0m[31merror[0m] [0m[0m[31m-- [E007] Type Mismatch Error: /home/max/scalalab1list/scalalist/src/main/scala/Main.scala:114:22 [0m[0m
[0m[[0m[31merror[0m] [0m[0m[31m114 |[0m      [33mcase[0m Nil => acc=[31m0[0m[0m
[0m[[0m[31merror[0m] [0m[0m    |                      [31m^[0m[0m
[0m[[0m[31merror[0m] [0m[0m    |                      Found:    ([31m0[0m : Int)[0m
[0m[[0m[31merror[0m] [0m[0m    |                      Required: List[Int][0m
[0m[[0m[0mdebug[0m] [0m[0mjsonRpcNotify: JsonRpcNotificationMessage(2.0, build/logMessage, {"type":1,"message":"\u001b[31m-- [E007] Type Mismatch Error: /home/max/scalalab1list/scalalist/src/main/scala/Main.scala:114:22 \u001b[0m\n\u001b[31m114 |\u001b[0m      \u001b[33mcase\u001b[0m Nil => acc=\u001b[31m0\u001b[0m\n    |                      \u001b[31m^\u001b[0m\n    |                      Found:    (\u001b[31m0\u001b[0m : Int)\n    |                      Required: List[Int]"})[0m
[0m[[0m[0mdebug[0m] [0m[0mjsonRpcNotify: JsonRpcNotificationMessage(2.0, build/publishDiagnostics, {"textDocument":{"uri":"file:///home/max/scalalab1list/scalalist/src/main/scala/Main.scala"},"buildTarget":{"uri":"file:/home/max/scalalab1list/scalalist/#root/Compile"},"diagnostics":[{"range":{"start":{"line":114,"character":27},"end":{"line":114,"character":33}},"severity":1,"source":"sbt","message":"missing argument for parameter hd of \u001b[33mmethod\u001b[0m \u001b[35mapply\u001b[0m in \u001b[33mobject\u001b[0m \u001b[35mCons\u001b[0m: (hd: A, tl: List[A]): List.Cons[A]"}],"reset":false})[0m
[0m[[0m[31merror[0m] [0m[0m[31m-- Error: /home/max/scalalab1list/scalalist/src/main/scala/Main.scala:115:31 ---[0m[0m
[0m[[0m[31merror[0m] [0m[0m[31m115 |[0m      [33mcase[0m Cons(xh, xt) => Cons() [0m
[0m[[0m[31merror[0m] [0m[0m    |                           [31m^^^^^^[0m[0m
[0m[[0m[31merror[0m] [0m[0m    |missing argument for parameter hd of [33mmethod[0m [35mapply[0m in [33mobject[0m [35mCons[0m: (hd: A, tl: List[A]): List.Cons[A][0m
[0m[[0m[0mdebug[0m] [0m[0mjsonRpcNotify: JsonRpcNotificationMessage(2.0, build/logMessage, {"type":1,"message":"\u001b[31m-- Error: /home/max/scalalab1list/scalalist/src/main/scala/Main.scala:115:31 ---\u001b[0m\n\u001b[31m115 |\u001b[0m      \u001b[33mcase\u001b[0m Cons(xh, xt) => Cons() \n    |                           \u001b[31m^^^^^^\u001b[0m\n    |missing argument for parameter hd of \u001b[33mmethod\u001b[0m \u001b[35mapply\u001b[0m in \u001b[33mobject\u001b[0m \u001b[35mCons\u001b[0m: (hd: A, tl: List[A]): List.Cons[A]"})[0m
[0m[[0m[0mdebug[0m] [0m[0mjsonRpcNotify: JsonRpcNotificationMessage(2.0, build/publishDiagnostics, {"textDocument":{"uri":"file:///home/max/scalalab1list/scalalist/src/main/scala/Main.scala"},"buildTarget":{"uri":"file:/home/max/scalalab1list/scalalist/#root/Compile"},"diagnostics":[{"range":{"start":{"line":110,"character":57},"end":{"line":110,"character":58}},"severity":1,"source":"sbt","message":"Found:    (\u001b[31m0\u001b[0m : Int)\nRequired: List[Int]"}],"reset":false})[0m
[0m[[0m[31merror[0m] [0m[0m[31m-- [E007] Type Mismatch Error: /home/max/scalalab1list/scalalist/src/main/scala/Main.scala:111:57 [0m[0m
[0m[[0m[31merror[0m] [0m[0m[31m111 |[0m  [33mdef[0m [36minterleave[0m([36mxs[0m: [35mList[Int][0m , [36me[0m: [35mInt[0m, [36macc[0m: [35mList[Int][0m =[31m0[0m): [35mList[List[Int]][0m = {[0m
[0m[[0m[31merror[0m] [0m[0m    |                                                         [31m^[0m[0m
[0m[[0m[31merror[0m] [0m[0m    |                                                   Found:    ([31m0[0m : Int)[0m
[0m[[0m[31merror[0m] [0m[0m    |                                                   Required: List[Int][0m
[0m[[0m[0mdebug[0m] [0m[0mjsonRpcNotify: JsonRpcNotificationMessage(2.0, build/logMessage, {"type":1,"message":"\u001b[31m-- [E007] Type Mismatch Error: /home/max/scalalab1list/scalalist/src/main/scala/Main.scala:111:57 \u001b[0m\n\u001b[31m111 |\u001b[0m  \u001b[33mdef\u001b[0m \u001b[36minterleave\u001b[0m(\u001b[36mxs\u001b[0m: \u001b[35mList[Int]\u001b[0m , \u001b[36me\u001b[0m: \u001b[35mInt\u001b[0m, \u001b[36macc\u001b[0m: \u001b[35mList[Int]\u001b[0m =\u001b[31m0\u001b[0m): \u001b[35mList[List[Int]]\u001b[0m = {\n    |                                                         \u001b[31m^\u001b[0m\n    |                                                   Found:    (\u001b[31m0\u001b[0m : Int)\n    |                                                   Required: List[Int]"})[0m
[0m[[0m[31merror[0m] [0m[0mthree errors found[0m
[0m[[0m[0mdebug[0m] [0m[0mjsonRpcNotify: JsonRpcNotificationMessage(2.0, build/logMessage, {"type":1,"message":"three errors found"})[0m
[0m[[0m[0mdebug[0m] [0m[0mjsonRpcNotify: JsonRpcNotificationMessage(2.0, build/publishDiagnostics, {"textDocument":{"uri":"file:///home/max/scalalab1list/scalalist/src/main/scala/Main.scala"},"buildTarget":{"uri":"file:/home/max/scalalab1list/scalalist/#root/Compile"},"diagnostics":[{"range":{"start":{"line":113,"character":22},"end":{"line":113,"character":23}},"severity":1,"source":"sbt","message":"Found:    (\u001b[31m0\u001b[0m : Int)\nRequired: List[Int]"},{"range":{"start":{"line":114,"character":27},"end":{"line":114,"character":33}},"severity":1,"source":"sbt","message":"missing argument for parameter hd of \u001b[33mmethod\u001b[0m \u001b[35mapply\u001b[0m in \u001b[33mobject\u001b[0m \u001b[35mCons\u001b[0m: (hd: A, tl: List[A]): List.Cons[A]"},{"range":{"start":{"line":110,"character":57},"end":{"line":110,"character":58}},"severity":1,"source":"sbt","message":"Found:    (\u001b[31m0\u001b[0m : Int)\nRequired: List[Int]"}],"reset":true})[0m
[0m[[0m[0mdebug[0m] [0m[0mjsonRpcNotify: JsonRpcNotificationMessage(2.0, build/taskFinish, {"taskId":{"id":"64","parents":[]},"eventTime":1656279563821,"message":"Compiled root","status":2,"dataKind":"compile-report","data":{"target":{"uri":"file:/home/max/scalalab1list/scalalist/#root/Compile"},"errors":3,"warnings":0,"time":3056}})[0m
[0m[[0m[0mdebug[0m] [0m[0munmatched json error for requestId None: {"code":-32603,"message":"(Compile / \u001b[31mcompileIncremental\u001b[0m) Compilation failed"}[0m
[0m[[0m[31merror[0m] [0m[0m(Compile / [31mcompileIncremental[0m) Compilation failed[0m
[0m[[0m[0mdebug[0m] [0m[0mjsonRpcNotify: JsonRpcNotificationMessage(2.0, build/logMessage, {"type":1,"message":"(Compile / \u001b[31mcompileIncremental\u001b[0m) Compilation failed"})[0m
[0m[[0m[31merror[0m] [0m[0mTotal time: 4 s, completed Jun 27, 2022 12:39:24 AM[0m
[0m[[0m[0mdebug[0m] [0m[0munmatched Done event for requestId None: None[0m
[0m[[0m[0mdebug[0m] [0m[0m> Exec(shell, None, None)[0m
